[debug] [2020-08-05T12:58:51.211Z] ----------------------------------------------------------------------
[debug] [2020-08-05T12:58:51.214Z] Command:       E:\Softwares\nodejs\node.exe C:\Users\PRADIP BHUSANAR\AppData\Roaming\npm\node_modules\firebase-tools\lib\bin\firebase.js init
[debug] [2020-08-05T12:58:51.214Z] CLI Version:   8.6.0
[debug] [2020-08-05T12:58:51.214Z] Platform:      win32
[debug] [2020-08-05T12:58:51.214Z] Node Version:  v12.16.2
[debug] [2020-08-05T12:58:51.216Z] Time:          Wed Aug 05 2020 18:28:51 GMT+0530 (India Standard Time)
[debug] [2020-08-05T12:58:51.216Z] ----------------------------------------------------------------------
[debug] [2020-08-05T12:58:51.216Z] 
[debug] [2020-08-05T12:58:51.229Z] > command requires scopes: ["email","openid","https://www.googleapis.com/auth/cloudplatformprojects.readonly","https://www.googleapis.com/auth/firebase","https://www.googleapis.com/auth/cloud-platform"]
[info] 
     ######## #### ########  ######## ########     ###     ######  ########
     ##        ##  ##     ## ##       ##     ##  ##   ##  ##       ##
     ######    ##  ########  ######   ########  #########  ######  ######
     ##        ##  ##    ##  ##       ##     ## ##     ##       ## ##
     ##       #### ##     ## ######## ########  ##     ##  ######  ########

You're about to initialize a Firebase project in this directory:

  E:\GreyAtom\financial-portfolio-tracker-app

[info] 
=== Project Setup
[info] 
[info] First, let's associate this project directory with a Firebase project.
[info] You can create multiple project aliases by running firebase use --add, 
[info] but for now we'll just set up a default project.
[info] 
[debug] [2020-08-05T13:03:40.052Z] >>> HTTP REQUEST GET https://firebase.googleapis.com/v1beta1/projects?pageSize=100  
 
[debug] [2020-08-05T13:03:40.679Z] <<< HTTP RESPONSE 403 {"vary":"X-Origin, Referer, Origin,Accept-Encoding","content-type":"application/json; charset=UTF-8","date":"Wed, 05 Aug 2020 13:03:41 GMT","server":"ESF","cache-control":"private","x-xss-protection":"0","x-frame-options":"SAMEORIGIN","x-content-type-options":"nosniff","alt-svc":"h3-29=\":443\"; ma=2592000,h3-27=\":443\"; ma=2592000,h3-T050=\":443\"; ma=2592000,h3-Q050=\":443\"; ma=2592000,h3-Q046=\":443\"; ma=2592000,h3-Q043=\":443\"; ma=2592000,quic=\":443\"; ma=2592000; v=\"46,43\"","accept-ranges":"none","transfer-encoding":"chunked"}
[debug] [2020-08-05T13:03:40.680Z] <<< HTTP RESPONSE BODY {"error":{"code":403,"message":"Your application has authenticated using end user credentials from the Google Cloud SDK or Google Cloud Shell which are not supported by the firebase.googleapis.com. We recommend configuring the billing/quota_project setting in gcloud or using a service account through the auth/impersonate_service_account setting. For more information about service accounts and how to use them in your application, see https://cloud.google.com/docs/authentication/.","status":"PERMISSION_DENIED"}}
[debug] [2020-08-05T13:03:40.684Z] HTTP Error: 403, Your application has authenticated using end user credentials from the Google Cloud SDK or Google Cloud Shell which are not supported by the firebase.googleapis.com. We recommend configuring the billing/quota_project setting in gcloud or using a service account through the auth/impersonate_service_account setting. For more information about service accounts and how to use them in your application, see https://cloud.google.com/docs/authentication/.
[debug] [2020-08-05T13:03:40.689Z] FirebaseError: HTTP Error: 403, Your application has authenticated using end user credentials from the Google Cloud SDK or Google Cloud Shell which are not supported by the firebase.googleapis.com. We recommend configuring the billing/quota_project setting in gcloud or using a service account through the auth/impersonate_service_account setting. For more information about service accounts and how to use them in your application, see https://cloud.google.com/docs/authentication/.
    at module.exports (C:\Users\PRADIP BHUSANAR\AppData\Roaming\npm\node_modules\firebase-tools\lib\responseToError.js:38:12)
    at Request._callback (C:\Users\PRADIP BHUSANAR\AppData\Roaming\npm\node_modules\firebase-tools\lib\api.js:41:35)
    at Request.self.callback (C:\Users\PRADIP BHUSANAR\AppData\Roaming\npm\node_modules\firebase-tools\node_modules\request\request.js:185:22)
    at Request.emit (events.js:310:20)
    at Request.EventEmitter.emit (domain.js:482:12)
    at Request.<anonymous> (C:\Users\PRADIP BHUSANAR\AppData\Roaming\npm\node_modules\firebase-tools\node_modules\request\request.js:1154:10)
    at Request.emit (events.js:310:20)
    at Request.EventEmitter.emit (domain.js:482:12)
    at IncomingMessage.<anonymous> (C:\Users\PRADIP BHUSANAR\AppData\Roaming\npm\node_modules\firebase-tools\node_modules\request\request.js:1076:12)
    at Object.onceWrapper (events.js:416:28)
    at IncomingMessage.emit (events.js:322:22)
    at IncomingMessage.EventEmitter.emit (domain.js:482:12)
    at endReadableNT (_stream_readable.js:1187:12)
    at processTicksAndRejections (internal/process/task_queues.js:84:21)
[error] 
[error] Error: Failed to list Firebase projects. See firebase-debug.log for more info.
